<?xml version="1.0" encoding="UTF-8"?>
<!-- Generated by org.testng.reporters.JUnitReportReporter -->
<testsuite hostname="Sasikumar" failures="0" tests="1" name="org.test.rest.assured.apis.testings.Demo" time="2.110" errors="0" timestamp="2023-09-20T18:28:31 IST" skipped="0">
  <testcase classname="org.test.rest.assured.apis.testings.Demo" name="performVariousOperations" time="2.110"/>
</testsuite> <!-- org.test.rest.assured.apis.testings.Demo -->
